<?xml version="1.0" encoding="UTF-8"?>
<testng-results skipped="0" failed="0" ignored="0" total="1" passed="1">
  <reporter-output>
  </reporter-output>
  <suite name="Default suite" duration-ms="163663" started-at="2020-05-14T04:45:30 PDT" finished-at="2020-05-14T04:48:13 PDT">
    <groups>
    </groups>
    <test name="Default test" duration-ms="163663" started-at="2020-05-14T04:45:30 PDT" finished-at="2020-05-14T04:48:13 PDT">
      <class name="com.makemytrip.qa.testcases.Flights_FindCheapest">
        <test-method status="PASS" signature="setUp()[pri:0, instance:com.makemytrip.qa.testcases.Flights_FindCheapest@1445d7f]" name="setUp" is-config="true" duration-ms="150742" started-at="2020-05-14T04:45:30 PDT" finished-at="2020-05-14T04:48:01 PDT">
          <reporter-output>
          </reporter-output>
        </test-method> <!-- setUp -->
        <test-method status="PASS" signature="findCheapest()[pri:0, instance:com.makemytrip.qa.testcases.Flights_FindCheapest@1445d7f]" name="findCheapest" duration-ms="8665" started-at="2020-05-14T04:48:01 PDT" finished-at="2020-05-14T04:48:09 PDT">
          <reporter-output>
          </reporter-output>
        </test-method> <!-- findCheapest -->
        <test-method status="PASS" signature="terminate()[pri:0, instance:com.makemytrip.qa.testcases.Flights_FindCheapest@1445d7f]" name="terminate" is-config="true" duration-ms="4223" started-at="2020-05-14T04:48:09 PDT" finished-at="2020-05-14T04:48:13 PDT">
          <reporter-output>
          </reporter-output>
        </test-method> <!-- terminate -->
      </class> <!-- com.makemytrip.qa.testcases.Flights_FindCheapest -->
    </test> <!-- Default test -->
  </suite> <!-- Default suite -->
</testng-results>
