<?xml version="1.0" encoding="UTF-8"?>
<!-- Generated by org.testng.reporters.JUnitXMLReporter -->
<testsuite hostname="WIN-JIQLP8DBK4D" ignored="0" name="MakeMyTrip TestCases" tests="4" failures="0" timestamp="2020-05-11T02:23:45 PDT" time="491.486" errors="0">
  <testcase name="switchToFlights" time="1.234" classname="com.makemytrip.qa.testcases.Flights_SearchFlights"/>
  <testcase name="flightSearch" time="105.449" classname="com.makemytrip.qa.testcases.Flights_SearchFlights"/>
  <testcase name="findCheapest" time="16.139" classname="com.makemytrip.qa.testcases.Flights_FindCheapest"/>
  <testcase name="findCheapest" time="26.933" classname="com.makemytrip.qa.testcases.Flights_FindCheapestAndProceedBooking"/>
</testsuite> <!-- MakeMyTrip TestCases -->
